app/build/intermediates/manifest_merge_blame_file/debug/processDebugMainManifest/manifest-merger-blame-debug-report.txt
1<?xml version="1.0" encoding="utf-8"?>
2<manifest xmlns:android="http://schemas.android.com/apk/res/android"
3    package="com.anubhav.edgeviewer"
4    android:versionCode="1"
5    android:versionName="1.0" >
6
7    <uses-sdk
8        android:minSdkVersion="21"
9        android:targetSdkVersion="33" />
10
11    <uses-permission android:name="android.permission.CAMERA" />
11-->src\main\AndroidManifest.xml:5:5-65
11-->src\main\AndroidManifest.xml:5:22-62
12
13    <uses-feature android:name="android.hardware.camera" />
13-->src\main\AndroidManifest.xml:6:5-60
13-->src\main\AndroidManifest.xml:6:19-57
14
15    <permission
15-->[androidx.core:core:1.9.0] AndroidManifest.xml:22:5-24:47
16        android:name="com.anubhav.edgeviewer.DYNAMIC_RECEIVER_NOT_EXPORTED_PERMISSION"
16-->[androidx.core:core:1.9.0] AndroidManifest.xml:23:9-81
17        android:protectionLevel="signature" />
17-->[androidx.core:core:1.9.0] AndroidManifest.xml:24:9-44
18
19    <uses-permission android:name="com.anubhav.edgeviewer.DYNAMIC_RECEIVER_NOT_EXPORTED_PERMISSION" />
19-->[androidx.core:core:1.9.0] AndroidManifest.xml:26:5-97
19-->[androidx.core:core:1.9.0] AndroidManifest.xml:26:22-94
20
21    <application
21-->src\main\AndroidManifest.xml:8:5-26:19
22        android:allowBackup="true"
22-->src\main\AndroidManifest.xml:9:9-35
23        android:appComponentFactory="androidx.core.app.CoreComponentFactory"
23-->[androidx.core:core:1.9.0] AndroidManifest.xml:28:18-86
24        android:dataExtractionRules="@xml/data_extraction_rules"
24-->src\main\AndroidManifest.xml:10:9-65
25        android:debuggable="true"
26        android:extractNativeLibs="true"
27        android:fullBackupContent="@xml/backup_rules"
27-->src\main\AndroidManifest.xml:11:9-54
28        android:icon="@mipmap/ic_launcher"
28-->src\main\AndroidManifest.xml:12:9-43
29        android:label="@string/app_name"
29-->src\main\AndroidManifest.xml:13:9-41
30        android:roundIcon="@mipmap/ic_launcher_round"
30-->src\main\AndroidManifest.xml:14:9-54
31        android:supportsRtl="true"
31-->src\main\AndroidManifest.xml:15:9-35
32        android:theme="@style/Theme.EdgeViewer" >
32-->src\main\AndroidManifest.xml:16:9-48
33        <activity
33-->src\main\AndroidManifest.xml:18:9-25:20
34            android:name="com.anubhav.edgeviewer.MainActivity"
34-->src\main\AndroidManifest.xml:19:13-41
35            android:exported="true" >
35-->src\main\AndroidManifest.xml:20:13-36
36            <intent-filter>
36-->src\main\AndroidManifest.xml:21:13-24:29
37                <action android:name="android.intent.action.MAIN" />
37-->src\main\AndroidManifest.xml:22:17-69
37-->src\main\AndroidManifest.xml:22:25-66
38
39                <category android:name="android.intent.category.LAUNCHER" />
39-->src\main\AndroidManifest.xml:23:17-77
39-->src\main\AndroidManifest.xml:23:27-74
40            </intent-filter>
41        </activity>
42
43        <service
43-->[androidx.camera:camera-camera2:1.2.0] AndroidManifest.xml:24:9-33:19
44            android:name="androidx.camera.core.impl.MetadataHolderService"
44-->[androidx.camera:camera-camera2:1.2.0] AndroidManifest.xml:25:13-75
45            android:enabled="false"
45-->[androidx.camera:camera-camera2:1.2.0] AndroidManifest.xml:26:13-36
46            android:exported="false" >
46-->[androidx.camera:camera-camera2:1.2.0] AndroidManifest.xml:27:13-37
47            <meta-data
47-->[androidx.camera:camera-camera2:1.2.0] AndroidManifest.xml:30:13-32:89
48                android:name="androidx.camera.core.impl.MetadataHolderService.DEFAULT_CONFIG_PROVIDER"
48-->[androidx.camera:camera-camera2:1.2.0] AndroidManifest.xml:31:17-103
49                android:value="androidx.camera.camera2.Camera2Config$DefaultProvider" />
49-->[androidx.camera:camera-camera2:1.2.0] AndroidManifest.xml:32:17-86
50        </service>
51
52        <provider
52-->[androidx.emoji2:emoji2:1.2.0] AndroidManifest.xml:24:9-32:20
53            android:name="androidx.startup.InitializationProvider"
53-->[androidx.emoji2:emoji2:1.2.0] AndroidManifest.xml:25:13-67
54            android:authorities="com.anubhav.edgeviewer.androidx-startup"
54-->[androidx.emoji2:emoji2:1.2.0] AndroidManifest.xml:26:13-68
55            android:exported="false" >
55-->[androidx.emoji2:emoji2:1.2.0] AndroidManifest.xml:27:13-37
56            <meta-data
56-->[androidx.emoji2:emoji2:1.2.0] AndroidManifest.xml:29:13-31:52
57                android:name="androidx.emoji2.text.EmojiCompatInitializer"
57-->[androidx.emoji2:emoji2:1.2.0] AndroidManifest.xml:30:17-75
58                android:value="androidx.startup" />
58-->[androidx.emoji2:emoji2:1.2.0] AndroidManifest.xml:31:17-49
59            <meta-data
59-->[androidx.lifecycle:lifecycle-process:2.4.1] AndroidManifest.xml:31:13-33:52
60                android:name="androidx.lifecycle.ProcessLifecycleInitializer"
60-->[androidx.lifecycle:lifecycle-process:2.4.1] AndroidManifest.xml:32:17-78
61                android:value="androidx.startup" />
61-->[androidx.lifecycle:lifecycle-process:2.4.1] AndroidManifest.xml:33:17-49
62        </provider>
63    </application>
64
65</manifest>